Generated at 2016-10-03 17:18:34 +0000
Chef::Exceptions::MultipleFailures: Chef::Exceptions::MultipleFailures
/opt/chef/embedded/lib/ruby/gems/2.3.0/gems/mixlib-shellout-2.2.7/lib/mixlib/shellout.rb:289:in `invalid!'
/opt/chef/embedded/lib/ruby/gems/2.3.0/gems/mixlib-shellout-2.2.7/lib/mixlib/shellout.rb:276:in `error!'
/opt/chef/embedded/lib/ruby/gems/2.3.0/gems/chef-12.14.89/lib/chef/mixin/shell_out.rb:55:in `shell_out_with_systems_locale!'
/opt/chef/embedded/lib/ruby/gems/2.3.0/gems/chef-12.14.89/lib/chef/provider/service/init.rb:60:in `start_service'
/opt/chef/embedded/lib/ruby/gems/2.3.0/gems/chef-12.14.89/lib/chef/provider/service.rb:142:in `block in action_start'
/opt/chef/embedded/lib/ruby/gems/2.3.0/gems/chef-12.14.89/lib/chef/mixin/why_run.rb:52:in `add_action'
/opt/chef/embedded/lib/ruby/gems/2.3.0/gems/chef-12.14.89/lib/chef/provider.rb:176:in `converge_by'
/opt/chef/embedded/lib/ruby/gems/2.3.0/gems/chef-12.14.89/lib/chef/provider/service.rb:141:in `action_start'
/opt/chef/embedded/lib/ruby/gems/2.3.0/gems/chef-12.14.89/lib/chef/provider.rb:145:in `run_action'
/opt/chef/embedded/lib/ruby/gems/2.3.0/gems/chef-12.14.89/lib/chef/resource.rb:603:in `run_action'
/opt/chef/embedded/lib/ruby/gems/2.3.0/gems/chef-12.14.89/lib/chef/runner.rb:69:in `run_action'
/opt/chef/embedded/lib/ruby/gems/2.3.0/gems/chef-12.14.89/lib/chef/runner.rb:97:in `block (2 levels) in converge'
/opt/chef/embedded/lib/ruby/gems/2.3.0/gems/chef-12.14.89/lib/chef/runner.rb:97:in `each'
/opt/chef/embedded/lib/ruby/gems/2.3.0/gems/chef-12.14.89/lib/chef/runner.rb:97:in `block in converge'
/opt/chef/embedded/lib/ruby/gems/2.3.0/gems/chef-12.14.89/lib/chef/resource_collection/resource_list.rb:94:in `block in execute_each_resource'
/opt/chef/embedded/lib/ruby/gems/2.3.0/gems/chef-12.14.89/lib/chef/resource_collection/stepable_iterator.rb:114:in `call_iterator_block'
/opt/chef/embedded/lib/ruby/gems/2.3.0/gems/chef-12.14.89/lib/chef/resource_collection/stepable_iterator.rb:85:in `step'
/opt/chef/embedded/lib/ruby/gems/2.3.0/gems/chef-12.14.89/lib/chef/resource_collection/stepable_iterator.rb:103:in `iterate'
/opt/chef/embedded/lib/ruby/gems/2.3.0/gems/chef-12.14.89/lib/chef/resource_collection/stepable_iterator.rb:55:in `each_with_index'
/opt/chef/embedded/lib/ruby/gems/2.3.0/gems/chef-12.14.89/lib/chef/resource_collection/resource_list.rb:92:in `execute_each_resource'
/opt/chef/embedded/lib/ruby/gems/2.3.0/gems/chef-12.14.89/lib/chef/runner.rb:96:in `converge'
/opt/chef/embedded/lib/ruby/gems/2.3.0/gems/chef-12.14.89/lib/chef/client.rb:669:in `block in converge'
/opt/chef/embedded/lib/ruby/gems/2.3.0/gems/chef-12.14.89/lib/chef/client.rb:664:in `catch'
/opt/chef/embedded/lib/ruby/gems/2.3.0/gems/chef-12.14.89/lib/chef/client.rb:664:in `converge'
/opt/chef/embedded/lib/ruby/gems/2.3.0/gems/chef-12.14.89/lib/chef/client.rb:703:in `converge_and_save'
/opt/chef/embedded/lib/ruby/gems/2.3.0/gems/chef-12.14.89/lib/chef/client.rb:283:in `run'
/opt/chef/embedded/lib/ruby/gems/2.3.0/gems/chef-12.14.89/lib/chef/application.rb:302:in `block in fork_chef_client'
/opt/chef/embedded/lib/ruby/gems/2.3.0/gems/chef-12.14.89/lib/chef/application.rb:290:in `fork'
/opt/chef/embedded/lib/ruby/gems/2.3.0/gems/chef-12.14.89/lib/chef/application.rb:290:in `fork_chef_client'
/opt/chef/embedded/lib/ruby/gems/2.3.0/gems/chef-12.14.89/lib/chef/application.rb:255:in `block in run_chef_client'
/opt/chef/embedded/lib/ruby/gems/2.3.0/gems/chef-12.14.89/lib/chef/local_mode.rb:44:in `with_server_connectivity'
/opt/chef/embedded/lib/ruby/gems/2.3.0/gems/chef-12.14.89/lib/chef/application.rb:243:in `run_chef_client'
/opt/chef/embedded/lib/ruby/gems/2.3.0/gems/chef-12.14.89/lib/chef/application/client.rb:464:in `sleep_then_run_chef_client'
/opt/chef/embedded/lib/ruby/gems/2.3.0/gems/chef-12.14.89/lib/chef/application/client.rb:451:in `block in interval_run_chef_client'
/opt/chef/embedded/lib/ruby/gems/2.3.0/gems/chef-12.14.89/lib/chef/application/client.rb:450:in `loop'
/opt/chef/embedded/lib/ruby/gems/2.3.0/gems/chef-12.14.89/lib/chef/application/client.rb:450:in `interval_run_chef_client'
/opt/chef/embedded/lib/ruby/gems/2.3.0/gems/chef-12.14.89/lib/chef/application/client.rb:434:in `run_application'
/opt/chef/embedded/lib/ruby/gems/2.3.0/gems/chef-12.14.89/lib/chef/application.rb:60:in `run'
/opt/chef/embedded/lib/ruby/gems/2.3.0/gems/chef-12.14.89/bin/chef-client:26:in `<top (required)>'
/usr/bin/chef-client:54:in `load'
/usr/bin/chef-client:54:in `<main>'

>>>> Caused by Mixlib::ShellOut::ShellCommandFailed: service[httpd] (apache::default line 43) had an error: Mixlib::ShellOut::ShellCommandFailed: Expected process to exit with [0], but received '1'
---- Begin output of /sbin/service httpd start ----
STDOUT: Starting httpd: [FAILED]
STDERR: Syntax error on line 5 of /etc/httpd/conf.d/sdas2.conf:
ServerName takes one argument, The hostname and port of the server
---- End output of /sbin/service httpd start ----
Ran /sbin/service httpd start returned 1
/opt/chef/embedded/lib/ruby/gems/2.3.0/gems/mixlib-shellout-2.2.7/lib/mixlib/shellout.rb:289:in `invalid!'
/opt/chef/embedded/lib/ruby/gems/2.3.0/gems/mixlib-shellout-2.2.7/lib/mixlib/shellout.rb:276:in `error!'
/opt/chef/embedded/lib/ruby/gems/2.3.0/gems/chef-12.14.89/lib/chef/mixin/shell_out.rb:55:in `shell_out_with_systems_locale!'
/opt/chef/embedded/lib/ruby/gems/2.3.0/gems/chef-12.14.89/lib/chef/provider/service/init.rb:60:in `start_service'
/opt/chef/embedded/lib/ruby/gems/2.3.0/gems/chef-12.14.89/lib/chef/provider/service.rb:142:in `block in action_start'
/opt/chef/embedded/lib/ruby/gems/2.3.0/gems/chef-12.14.89/lib/chef/mixin/why_run.rb:52:in `add_action'
/opt/chef/embedded/lib/ruby/gems/2.3.0/gems/chef-12.14.89/lib/chef/provider.rb:176:in `converge_by'
/opt/chef/embedded/lib/ruby/gems/2.3.0/gems/chef-12.14.89/lib/chef/provider/service.rb:141:in `action_start'
/opt/chef/embedded/lib/ruby/gems/2.3.0/gems/chef-12.14.89/lib/chef/provider.rb:145:in `run_action'
/opt/chef/embedded/lib/ruby/gems/2.3.0/gems/chef-12.14.89/lib/chef/resource.rb:603:in `run_action'
/opt/chef/embedded/lib/ruby/gems/2.3.0/gems/chef-12.14.89/lib/chef/runner.rb:69:in `run_action'
/opt/chef/embedded/lib/ruby/gems/2.3.0/gems/chef-12.14.89/lib/chef/runner.rb:97:in `block (2 levels) in converge'
/opt/chef/embedded/lib/ruby/gems/2.3.0/gems/chef-12.14.89/lib/chef/runner.rb:97:in `each'
/opt/chef/embedded/lib/ruby/gems/2.3.0/gems/chef-12.14.89/lib/chef/runner.rb:97:in `block in converge'
/opt/chef/embedded/lib/ruby/gems/2.3.0/gems/chef-12.14.89/lib/chef/resource_collection/resource_list.rb:94:in `block in execute_each_resource'
/opt/chef/embedded/lib/ruby/gems/2.3.0/gems/chef-12.14.89/lib/chef/resource_collection/stepable_iterator.rb:114:in `call_iterator_block'
/opt/chef/embedded/lib/ruby/gems/2.3.0/gems/chef-12.14.89/lib/chef/resource_collection/stepable_iterator.rb:85:in `step'
/opt/chef/embedded/lib/ruby/gems/2.3.0/gems/chef-12.14.89/lib/chef/resource_collection/stepable_iterator.rb:103:in `iterate'
/opt/chef/embedded/lib/ruby/gems/2.3.0/gems/chef-12.14.89/lib/chef/resource_collection/stepable_iterator.rb:55:in `each_with_index'
/opt/chef/embedded/lib/ruby/gems/2.3.0/gems/chef-12.14.89/lib/chef/resource_collection/resource_list.rb:92:in `execute_each_resource'
/opt/chef/embedded/lib/ruby/gems/2.3.0/gems/chef-12.14.89/lib/chef/runner.rb:96:in `converge'
/opt/chef/embedded/lib/ruby/gems/2.3.0/gems/chef-12.14.89/lib/chef/client.rb:669:in `block in converge'
/opt/chef/embedded/lib/ruby/gems/2.3.0/gems/chef-12.14.89/lib/chef/client.rb:664:in `catch'
/opt/chef/embedded/lib/ruby/gems/2.3.0/gems/chef-12.14.89/lib/chef/client.rb:664:in `converge'
/opt/chef/embedded/lib/ruby/gems/2.3.0/gems/chef-12.14.89/lib/chef/client.rb:703:in `converge_and_save'
/opt/chef/embedded/lib/ruby/gems/2.3.0/gems/chef-12.14.89/lib/chef/client.rb:283:in `run'
/opt/chef/embedded/lib/ruby/gems/2.3.0/gems/chef-12.14.89/lib/chef/application.rb:302:in `block in fork_chef_client'
/opt/chef/embedded/lib/ruby/gems/2.3.0/gems/chef-12.14.89/lib/chef/application.rb:290:in `fork'
/opt/chef/embedded/lib/ruby/gems/2.3.0/gems/chef-12.14.89/lib/chef/application.rb:290:in `fork_chef_client'
/opt/chef/embedded/lib/ruby/gems/2.3.0/gems/chef-12.14.89/lib/chef/application.rb:255:in `block in run_chef_client'
/opt/chef/embedded/lib/ruby/gems/2.3.0/gems/chef-12.14.89/lib/chef/local_mode.rb:44:in `with_server_connectivity'
/opt/chef/embedded/lib/ruby/gems/2.3.0/gems/chef-12.14.89/lib/chef/application.rb:243:in `run_chef_client'
/opt/chef/embedded/lib/ruby/gems/2.3.0/gems/chef-12.14.89/lib/chef/application/client.rb:464:in `sleep_then_run_chef_client'
/opt/chef/embedded/lib/ruby/gems/2.3.0/gems/chef-12.14.89/lib/chef/application/client.rb:451:in `block in interval_run_chef_client'
/opt/chef/embedded/lib/ruby/gems/2.3.0/gems/chef-12.14.89/lib/chef/application/client.rb:450:in `loop'
/opt/chef/embedded/lib/ruby/gems/2.3.0/gems/chef-12.14.89/lib/chef/application/client.rb:450:in `interval_run_chef_client'
/opt/chef/embedded/lib/ruby/gems/2.3.0/gems/chef-12.14.89/lib/chef/application/client.rb:434:in `run_application'
/opt/chef/embedded/lib/ruby/gems/2.3.0/gems/chef-12.14.89/lib/chef/application.rb:60:in `run'
/opt/chef/embedded/lib/ruby/gems/2.3.0/gems/chef-12.14.89/bin/chef-client:26:in `<top (required)>'
/usr/bin/chef-client:54:in `load'
/usr/bin/chef-client:54:in `<main>'

>>>> Caused by Mixlib::ShellOut::ShellCommandFailed: Expected process to exit with [0], but received '1'
---- Begin output of /sbin/service httpd start ----
STDOUT: Starting httpd: [FAILED]
STDERR: Syntax error on line 5 of /etc/httpd/conf.d/sdas2.conf:
ServerName takes one argument, The hostname and port of the server
---- End output of /sbin/service httpd start ----
Ran /sbin/service httpd start returned 1
/opt/chef/embedded/lib/ruby/gems/2.3.0/gems/mixlib-shellout-2.2.7/lib/mixlib/shellout.rb:289:in `invalid!'
/opt/chef/embedded/lib/ruby/gems/2.3.0/gems/mixlib-shellout-2.2.7/lib/mixlib/shellout.rb:276:in `error!'
/opt/chef/embedded/lib/ruby/gems/2.3.0/gems/chef-12.14.89/lib/chef/mixin/shell_out.rb:55:in `shell_out_with_systems_locale!'
/opt/chef/embedded/lib/ruby/gems/2.3.0/gems/chef-12.14.89/lib/chef/provider/service/init.rb:60:in `start_service'
/opt/chef/embedded/lib/ruby/gems/2.3.0/gems/chef-12.14.89/lib/chef/provider/service.rb:142:in `block in action_start'
/opt/chef/embedded/lib/ruby/gems/2.3.0/gems/chef-12.14.89/lib/chef/mixin/why_run.rb:52:in `add_action'
/opt/chef/embedded/lib/ruby/gems/2.3.0/gems/chef-12.14.89/lib/chef/provider.rb:176:in `converge_by'
/opt/chef/embedded/lib/ruby/gems/2.3.0/gems/chef-12.14.89/lib/chef/provider/service.rb:141:in `action_start'
/opt/chef/embedded/lib/ruby/gems/2.3.0/gems/chef-12.14.89/lib/chef/provider.rb:145:in `run_action'
/opt/chef/embedded/lib/ruby/gems/2.3.0/gems/chef-12.14.89/lib/chef/resource.rb:603:in `run_action'
/opt/chef/embedded/lib/ruby/gems/2.3.0/gems/chef-12.14.89/lib/chef/runner.rb:69:in `run_action'
/opt/chef/embedded/lib/ruby/gems/2.3.0/gems/chef-12.14.89/lib/chef/runner.rb:97:in `block (2 levels) in converge'
/opt/chef/embedded/lib/ruby/gems/2.3.0/gems/chef-12.14.89/lib/chef/runner.rb:97:in `each'
/opt/chef/embedded/lib/ruby/gems/2.3.0/gems/chef-12.14.89/lib/chef/runner.rb:97:in `block in converge'
/opt/chef/embedded/lib/ruby/gems/2.3.0/gems/chef-12.14.89/lib/chef/resource_collection/resource_list.rb:94:in `block in execute_each_resource'
/opt/chef/embedded/lib/ruby/gems/2.3.0/gems/chef-12.14.89/lib/chef/resource_collection/stepable_iterator.rb:114:in `call_iterator_block'
/opt/chef/embedded/lib/ruby/gems/2.3.0/gems/chef-12.14.89/lib/chef/resource_collection/stepable_iterator.rb:85:in `step'
/opt/chef/embedded/lib/ruby/gems/2.3.0/gems/chef-12.14.89/lib/chef/resource_collection/stepable_iterator.rb:103:in `iterate'
/opt/chef/embedded/lib/ruby/gems/2.3.0/gems/chef-12.14.89/lib/chef/resource_collection/stepable_iterator.rb:55:in `each_with_index'
/opt/chef/embedded/lib/ruby/gems/2.3.0/gems/chef-12.14.89/lib/chef/resource_collection/resource_list.rb:92:in `execute_each_resource'
/opt/chef/embedded/lib/ruby/gems/2.3.0/gems/chef-12.14.89/lib/chef/runner.rb:96:in `converge'
/opt/chef/embedded/lib/ruby/gems/2.3.0/gems/chef-12.14.89/lib/chef/client.rb:669:in `block in converge'
/opt/chef/embedded/lib/ruby/gems/2.3.0/gems/chef-12.14.89/lib/chef/client.rb:664:in `catch'
/opt/chef/embedded/lib/ruby/gems/2.3.0/gems/chef-12.14.89/lib/chef/client.rb:664:in `converge'
/opt/chef/embedded/lib/ruby/gems/2.3.0/gems/chef-12.14.89/lib/chef/client.rb:703:in `converge_and_save'
/opt/chef/embedded/lib/ruby/gems/2.3.0/gems/chef-12.14.89/lib/chef/client.rb:283:in `run'
/opt/chef/embedded/lib/ruby/gems/2.3.0/gems/chef-12.14.89/lib/chef/application.rb:302:in `block in fork_chef_client'
/opt/chef/embedded/lib/ruby/gems/2.3.0/gems/chef-12.14.89/lib/chef/application.rb:290:in `fork'
/opt/chef/embedded/lib/ruby/gems/2.3.0/gems/chef-12.14.89/lib/chef/application.rb:290:in `fork_chef_client'
/opt/chef/embedded/lib/ruby/gems/2.3.0/gems/chef-12.14.89/lib/chef/application.rb:255:in `block in run_chef_client'
/opt/chef/embedded/lib/ruby/gems/2.3.0/gems/chef-12.14.89/lib/chef/local_mode.rb:44:in `with_server_connectivity'
/opt/chef/embedded/lib/ruby/gems/2.3.0/gems/chef-12.14.89/lib/chef/application.rb:243:in `run_chef_client'
/opt/chef/embedded/lib/ruby/gems/2.3.0/gems/chef-12.14.89/lib/chef/application/client.rb:464:in `sleep_then_run_chef_client'
/opt/chef/embedded/lib/ruby/gems/2.3.0/gems/chef-12.14.89/lib/chef/application/client.rb:451:in `block in interval_run_chef_client'
/opt/chef/embedded/lib/ruby/gems/2.3.0/gems/chef-12.14.89/lib/chef/application/client.rb:450:in `loop'
/opt/chef/embedded/lib/ruby/gems/2.3.0/gems/chef-12.14.89/lib/chef/application/client.rb:450:in `interval_run_chef_client'
/opt/chef/embedded/lib/ruby/gems/2.3.0/gems/chef-12.14.89/lib/chef/application/client.rb:434:in `run_application'
/opt/chef/embedded/lib/ruby/gems/2.3.0/gems/chef-12.14.89/lib/chef/application.rb:60:in `run'
/opt/chef/embedded/lib/ruby/gems/2.3.0/gems/chef-12.14.89/bin/chef-client:26:in `<top (required)>'
/usr/bin/chef-client:54:in `load'
/usr/bin/chef-client:54:in `<main>'